2014-04-11 15:52:44 INFO    :: MAIN :: nzbToMedia None
2014-04-11 15:52:44 INFO    :: MAIN :: Loading config from C:\Users\Justin\Documents\Git Projects\nzbToMedia\autoProcessMedia.cfg
2014-04-11 15:52:44 POSTPROCESS:: CouchPotato:movie is DISABLED, you can enable this in autoProcessMedia.cfg ...
2014-04-11 15:52:44 POSTPROCESS:: NzbDrone:tv is DISABLED, you can enable this in autoProcessMedia.cfg ...
2014-04-11 15:52:44 WARNING :: MAIN :: SickBeard:tv has no watch_dir or outputDirectory setup to be Scanned, go fix you autoProcessMedia.cfg file.
2014-04-11 15:52:44 WARNING :: MAIN :: SickBeard:tvs has no watch_dir or outputDirectory setup to be Scanned, go fix you autoProcessMedia.cfg file.
2014-04-11 15:52:44 POSTPROCESS:: HeadPhones:music is DISABLED, you can enable this in autoProcessMedia.cfg ...
2014-04-11 15:52:44 POSTPROCESS:: Gamez:games is DISABLED, you can enable this in autoProcessMedia.cfg ...
2014-04-11 15:52:44 POSTPROCESS:: Mylar:comics is DISABLED, you can enable this in autoProcessMedia.cfg ...
2014-04-11 15:53:23 INFO    :: nzbToMedia None
2014-04-11 15:53:23 INFO    :: Loading config from C:\Users\Justin\Documents\Git Projects\nzbToMedia\autoProcessMedia.cfg
2014-04-11 15:53:23 POSTPROCESS:: CouchPotato:movie is DISABLED, you can enable this in autoProcessMedia.cfg ...
2014-04-11 15:53:23 POSTPROCESS:: NzbDrone:tv is DISABLED, you can enable this in autoProcessMedia.cfg ...
2014-04-11 15:53:23 WARNING :: SickBeard:tv has no watch_dir or outputDirectory setup to be Scanned, go fix you autoProcessMedia.cfg file.
2014-04-11 15:53:23 WARNING :: SickBeard:tvs has no watch_dir or outputDirectory setup to be Scanned, go fix you autoProcessMedia.cfg file.
2014-04-11 15:53:23 POSTPROCESS:: HeadPhones:music is DISABLED, you can enable this in autoProcessMedia.cfg ...
2014-04-11 15:53:23 POSTPROCESS:: Gamez:games is DISABLED, you can enable this in autoProcessMedia.cfg ...
2014-04-11 15:53:23 POSTPROCESS:: Mylar:comics is DISABLED, you can enable this in autoProcessMedia.cfg ...
2014-04-11 15:59:32 INFO    :: nzbToMedia None
2014-04-11 15:59:32 INFO    :: Loading config from C:\Users\Justin\Documents\Git Projects\nzbToMedia\autoProcessMedia.cfg
2014-04-11 15:59:32 WARNING :: CouchPotato:movie is DISABLED, you can enable this in autoProcessMedia.cfg ...
2014-04-11 15:59:32 WARNING :: NzbDrone:tv is DISABLED, you can enable this in autoProcessMedia.cfg ...
2014-04-11 15:59:32 WARNING :: SickBeard:tv has no watch_dir or outputDirectory setup to be Scanned, go fix you autoProcessMedia.cfg file.
2014-04-11 15:59:32 WARNING :: SickBeard:tvs has no watch_dir or outputDirectory setup to be Scanned, go fix you autoProcessMedia.cfg file.
2014-04-11 15:59:32 WARNING :: HeadPhones:music is DISABLED, you can enable this in autoProcessMedia.cfg ...
2014-04-11 15:59:32 WARNING :: Gamez:games is DISABLED, you can enable this in autoProcessMedia.cfg ...
2014-04-11 15:59:32 WARNING :: Mylar:comics is DISABLED, you can enable this in autoProcessMedia.cfg ...
2014-04-11 16:02:05 INFO    :: nzbToMedia None
2014-04-11 16:02:05 INFO    :: Loading config from C:\Users\Justin\Documents\Git Projects\nzbToMedia\autoProcessMedia.cfg
2014-04-11 16:02:05 INFO    :: Checking if nzbToMedia needs an update
2014-04-11 16:02:46 INFO    :: nzbToMedia None
2014-04-11 16:02:46 INFO    :: Loading config from C:\Users\Justin\Documents\Git Projects\nzbToMedia\autoProcessMedia.cfg
2014-04-11 16:02:46 INFO    :: Checking if nzbToMedia needs an update
2014-04-11 16:03:52 INFO    :: nzbToMedia None
2014-04-11 16:03:52 INFO    :: Loading config from C:\Users\Justin\Documents\Git Projects\nzbToMedia\autoProcessMedia.cfg
2014-04-11 16:03:52 INFO    :: Checking if nzbToMedia needs an update
2014-04-11 16:06:18 INFO    :: nzbToMedia None
2014-04-11 16:06:18 INFO    :: Loading config from C:\Users\Justin\Documents\Git Projects\nzbToMedia\autoProcessMedia.cfg
2014-04-11 16:06:18 INFO    :: Checking if nzbToMedia needs an update
2014-04-11 16:07:29 INFO    :: nzbToMedia None
2014-04-11 16:07:29 INFO    :: Loading config from C:\Users\Justin\Documents\Git Projects\nzbToMedia\autoProcessMedia.cfg
2014-04-11 16:07:29 INFO    :: Checking if nzbToMedia needs an update
2014-04-11 19:16:55 INFO    :: nzbToMedia None
2014-04-11 19:16:55 INFO    :: Loading config from C:\Users\Justin\Documents\Git Projects\nzbToMedia\autoProcessMedia.cfg
2014-04-11 19:16:55 INFO    :: Checking if nzbToMedia needs an update
2014-04-11 19:18:48 INFO    :: nzbToMedia None
2014-04-11 19:18:48 INFO    :: Loading config from C:\Users\Justin\Documents\Git Projects\nzbToMedia\autoProcessMedia.cfg
2014-04-11 19:18:48 INFO    :: Checking if nzbToMedia needs an update
2014-04-11 19:22:01 INFO    :: nzbToMedia None
2014-04-11 19:22:04 INFO    :: Loading config from C:\Users\Justin\Documents\Git Projects\nzbToMedia\autoProcessMedia.cfg
2014-04-11 19:22:09 INFO    :: nzbToMedia None
2014-04-11 19:22:26 INFO    :: Loading config from C:\Users\Justin\Documents\Git Projects\nzbToMedia\autoProcessMedia.cfg
2014-04-11 19:22:41 INFO    :: nzbToMedia None
2014-04-11 19:23:02 INFO    :: Loading config from C:\Users\Justin\Documents\Git Projects\nzbToMedia\autoProcessMedia.cfg
2014-04-11 19:23:44 INFO    :: nzbToMedia None
2014-04-11 19:23:45 INFO    :: Loading config from C:\Users\Justin\Documents\Git Projects\nzbToMedia\autoProcessMedia.cfg
2014-04-11 19:23:48 INFO    :: Checking if nzbToMedia needs an update
2014-04-11 19:25:01 INFO    :: nzbToMedia None
2014-04-11 19:25:01 INFO    :: Loading config from C:\Users\Justin\Documents\Git Projects\nzbToMedia\autoProcessMedia.cfg
2014-04-11 19:25:01 INFO    :: Checking if nzbToMedia needs an update
2014-04-11 19:25:14 INFO    :: nzbToMedia None
2014-04-11 19:25:14 INFO    :: Loading config from C:\Users\Justin\Documents\Git Projects\nzbToMedia\autoProcessMedia.cfg
2014-04-11 19:25:14 INFO    :: Checking if nzbToMedia needs an update
2014-04-11 19:25:44 INFO    :: nzbToMedia None
2014-04-11 19:25:44 INFO    :: Loading config from C:\Users\Justin\Documents\Git Projects\nzbToMedia\autoProcessMedia.cfg
2014-04-11 19:29:50 INFO    :: nzbToMedia None
2014-04-11 19:29:50 INFO    :: Loading config from C:\Users\Justin\Documents\Git Projects\nzbToMedia\autoProcessMedia.cfg
2014-04-11 19:29:50 WARNING :: CouchPotato:movie is DISABLED, you can enable this in autoProcessMedia.cfg ...
2014-04-11 19:29:50 WARNING :: NzbDrone:tv is DISABLED, you can enable this in autoProcessMedia.cfg ...
2014-04-11 19:29:50 WARNING :: SickBeard:tv has no watch_dir or outputDirectory setup to be Scanned, go fix you autoProcessMedia.cfg file.
2014-04-11 19:29:50 WARNING :: SickBeard:tvs has no watch_dir or outputDirectory setup to be Scanned, go fix you autoProcessMedia.cfg file.
2014-04-11 19:29:50 WARNING :: HeadPhones:music is DISABLED, you can enable this in autoProcessMedia.cfg ...
2014-04-11 19:29:50 WARNING :: Gamez:games is DISABLED, you can enable this in autoProcessMedia.cfg ...
2014-04-11 19:29:50 WARNING :: Mylar:comics is DISABLED, you can enable this in autoProcessMedia.cfg ...
2014-04-11 19:33:19 INFO    :: nzbToMedia None
2014-04-11 19:33:19 INFO    :: Loading config from C:\Users\Justin\Documents\Git Projects\nzbToMedia\autoProcessMedia.cfg
2014-04-11 19:33:19 WARNING :: CouchPotato:movie is DISABLED, you can enable this in autoProcessMedia.cfg ...
2014-04-11 19:33:19 WARNING :: NzbDrone:tv is DISABLED, you can enable this in autoProcessMedia.cfg ...
2014-04-11 19:33:19 WARNING :: SickBeard:tv has no watch_dir or outputDirectory setup to be Scanned, go fix you autoProcessMedia.cfg file.
2014-04-11 19:33:19 WARNING :: SickBeard:tvs has no watch_dir or outputDirectory setup to be Scanned, go fix you autoProcessMedia.cfg file.
2014-04-11 19:33:19 WARNING :: HeadPhones:music is DISABLED, you can enable this in autoProcessMedia.cfg ...
2014-04-11 19:33:19 WARNING :: Gamez:games is DISABLED, you can enable this in autoProcessMedia.cfg ...
2014-04-11 19:33:19 WARNING :: Mylar:comics is DISABLED, you can enable this in autoProcessMedia.cfg ...
2014-04-11 19:33:27 INFO    :: nzbToMedia None
2014-04-11 19:33:27 INFO    :: Loading config from C:\Users\Justin\Documents\Git Projects\nzbToMedia\autoProcessMedia.cfg
2014-04-11 19:33:30 INFO    :: Checking if nzbToMedia needs an update
2014-04-11 19:37:17 POSTPROCESS:: nzbToMedia None
2014-04-11 19:37:17 POSTPROCESS:: Loading config from C:\Users\Justin\Documents\Git Projects\nzbToMedia\autoProcessMedia.cfg
2014-04-11 19:37:17 POSTPROCESS:: Checking if nzbToMedia needs an update
2014-04-11 19:38:15 INFO    :: nzbToMedia None
2014-04-11 19:38:15 INFO    :: Loading config from C:\Users\Justin\Documents\Git Projects\nzbToMedia\autoProcessMedia.cfg
2014-04-11 19:38:15 POSTPROCESS:: test
2014-04-11 19:38:15 INFO    :: Checking if nzbToMedia needs an update
2014-04-11 19:38:55 INFO    :: nzbToMedia None
2014-04-11 19:38:55 INFO    :: Loading config from C:\Users\Justin\Documents\Git Projects\nzbToMedia\autoProcessMedia.cfg
2014-04-11 19:38:55 INFO    :: Checking if nzbToMedia needs an update
2014-04-11 19:39:26 INFO    :: nzbToMedia None
2014-04-11 19:39:26 INFO    :: Loading config from C:\Users\Justin\Documents\Git Projects\nzbToMedia\autoProcessMedia.cfg
2014-04-11 19:39:26 INFO    :: Checking if nzbToMedia needs an update
2014-04-11 19:39:27 INFO    :: Unknown current version number, don't know if we should update or not
